# JRE version: Java(TM) SE Runtime Environment (12.0.2+10) (build 12.0.2+10)
# Java VM: Java HotSpot(TM) 64-Bit Server VM (12.0.2+10, mixed mode, sharing, tiered, compressed oops, g1 gc, linux-amd64)
Heap:
 garbage-first heap   total 45056K, used 23154K [0x0000000094200000, 0x0000000100000000)
  region size 1024K, 14 young (14336K), 2 survivors (2048K)
 Metaspace       used 27421K, capacity 28535K, committed 28800K, reserved 1075200K
  class space    used 3513K, capacity 3932K, committed 3968K, reserved 1048576K
GC Heap History (10 events):
Event: 2,027 GC heap before
{Heap before GC invocations=2 (full 0):
 garbage-first heap   total 112640K, used 27649K [0x0000000094200000, 0x0000000100000000)
  region size 1024K, 24 young (24576K), 1 survivors (1024K)
 Metaspace       used 12425K, capacity 13091K, committed 13440K, reserved 1060864K
  class space    used 1600K, capacity 1839K, committed 1920K, reserved 1048576K
}
Event: 2,034 GC heap after
{Heap after GC invocations=3 (full 0):
 garbage-first heap   total 112640K, used 6504K [0x0000000094200000, 0x0000000100000000)
  region size 1024K, 2 young (2048K), 2 survivors (2048K)
 Metaspace       used 12425K, capacity 13091K, committed 13440K, reserved 1060864K
  class space    used 1600K, capacity 1839K, committed 1920K, reserved 1048576K
}
Event: 3,500 GC heap before
{Heap before GC invocations=3 (full 0):
 garbage-first heap   total 112640K, used 43368K [0x0000000094200000, 0x0000000100000000)
  region size 1024K, 38 young (38912K), 2 survivors (2048K)
 Metaspace       used 17441K, capacity 18237K, committed 18560K, reserved 1064960K
  class space    used 2292K, capacity 2555K, committed 2688K, reserved 1048576K
}
Event: 3,520 GC heap after
{Heap after GC invocations=4 (full 0):
 garbage-first heap   total 112640K, used 8558K [0x0000000094200000, 0x0000000100000000)
  region size 1024K, 4 young (4096K), 4 survivors (4096K)
 Metaspace       used 17441K, capacity 18237K, committed 18560K, reserved 1064960K
  class space    used 2292K, capacity 2555K, committed 2688K, reserved 1048576K
}
Event: 4,070 GC heap before
{Heap before GC invocations=4 (full 0):
 garbage-first heap   total 112640K, used 22894K [0x0000000094200000, 0x0000000100000000)
  region size 1024K, 19 young (19456K), 4 survivors (4096K)
 Metaspace       used 20209K, capacity 21084K, committed 21248K, reserved 1067008K
  class space    used 2654K, capacity 2992K, committed 3072K, reserved 1048576K
}
Event: 4,094 GC heap after
{Heap after GC invocations=5 (full 0):
 garbage-first heap   total 135168K, used 9725K [0x0000000094200000, 0x0000000100000000)
  region size 1024K, 5 young (5120K), 5 survivors (5120K)
 Metaspace       used 20209K, capacity 21084K, committed 21248K, reserved 1067008K
  class space    used 2654K, capacity 2992K, committed 3072K, reserved 1048576K
}
Event: 4,878 GC heap before
{Heap before GC invocations=6 (full 0):
 garbage-first heap   total 45056K, used 31229K [0x0000000094200000, 0x0000000100000000)
  region size 1024K, 26 young (26624K), 5 survivors (5120K)
 Metaspace       used 23162K, capacity 24254K, committed 24448K, reserved 1071104K
  class space    used 3030K, capacity 3426K, committed 3456K, reserved 1048576K
}
Event: 4,899 GC heap after
{Heap after GC invocations=7 (full 0):
 garbage-first heap   total 45056K, used 11483K [0x0000000094200000, 0x0000000100000000)
  region size 1024K, 4 young (4096K), 4 survivors (4096K)
 Metaspace       used 23162K, capacity 24254K, committed 24448K, reserved 1071104K
  class space    used 3030K, capacity 3426K, committed 3456K, reserved 1048576K
}
Event: 14,267 GC heap before
{Heap before GC invocations=7 (full 0):
 garbage-first heap   total 45056K, used 27867K [0x0000000094200000, 0x0000000100000000)
  region size 1024K, 20 young (20480K), 4 survivors (4096K)
 Metaspace       used 25901K, capacity 27007K, committed 27392K, reserved 1073152K
  class space    used 3363K, capacity 3788K, committed 3840K, reserved 1048576K
}
Event: 14,284 GC heap after
{Heap after GC invocations=8 (full 0):
 garbage-first heap   total 45056K, used 12914K [0x0000000094200000, 0x0000000100000000)
  region size 1024K, 2 young (2048K), 2 survivors (2048K)
 Metaspace       used 25901K, capacity 27007K, committed 27392K, reserved 1073152K
  class space    used 3363K, capacity 3788K, committed 3840K, reserved 1048576K
}

