# JRE version: Java(TM) SE Runtime Environment (12.0.2+10) (build 12.0.2+10)
# Java VM: Java HotSpot(TM) 64-Bit Server VM (12.0.2+10, mixed mode, sharing, tiered, compressed oops, g1 gc, linux-amd64)
Heap:
 garbage-first heap   total 40960K, used 18966K [0x0000000094200000, 0x0000000100000000)
  region size 1024K, 12 young (12288K), 3 survivors (3072K)
 Metaspace       used 27260K, capacity 28400K, committed 28544K, reserved 1073152K
  class space    used 3496K, capacity 3928K, committed 3968K, reserved 1048576K
GC Heap History (10 events):
Event: 2,420 GC heap before
{Heap before GC invocations=2 (full 0):
 garbage-first heap   total 112640K, used 25940K [0x0000000094200000, 0x0000000100000000)
  region size 1024K, 22 young (22528K), 1 survivors (1024K)
 Metaspace       used 11814K, capacity 12484K, committed 12800K, reserved 1060864K
  class space    used 1528K, capacity 1774K, committed 1792K, reserved 1048576K
}
Event: 2,434 GC heap after
{Heap after GC invocations=3 (full 0):
 garbage-first heap   total 112640K, used 6448K [0x0000000094200000, 0x0000000100000000)
  region size 1024K, 2 young (2048K), 2 survivors (2048K)
 Metaspace       used 11814K, capacity 12484K, committed 12800K, reserved 1060864K
  class space    used 1528K, capacity 1774K, committed 1792K, reserved 1048576K
}
Event: 3,577 GC heap before
{Heap before GC invocations=3 (full 0):
 garbage-first heap   total 112640K, used 40240K [0x0000000094200000, 0x0000000100000000)
  region size 1024K, 35 young (35840K), 2 survivors (2048K)
 Metaspace       used 16460K, capacity 17275K, committed 17536K, reserved 1064960K
  class space    used 2159K, capacity 2424K, committed 2432K, reserved 1048576K
}
Event: 3,591 GC heap after
{Heap after GC invocations=4 (full 0):
 garbage-first heap   total 112640K, used 8027K [0x0000000094200000, 0x0000000100000000)
  region size 1024K, 4 young (4096K), 4 survivors (4096K)
 Metaspace       used 16460K, capacity 17275K, committed 17536K, reserved 1064960K
  class space    used 2159K, capacity 2424K, committed 2432K, reserved 1048576K
}
Event: 4,378 GC heap before
{Heap before GC invocations=4 (full 0):
 garbage-first heap   total 112640K, used 28507K [0x0000000094200000, 0x0000000100000000)
  region size 1024K, 25 young (25600K), 4 survivors (4096K)
 Metaspace       used 20215K, capacity 21088K, committed 21248K, reserved 1067008K
  class space    used 2656K, capacity 2991K, committed 3072K, reserved 1048576K
}
Event: 4,401 GC heap after
{Heap after GC invocations=5 (full 0):
 garbage-first heap   total 135168K, used 9724K [0x0000000094200000, 0x0000000100000000)
  region size 1024K, 5 young (5120K), 5 survivors (5120K)
 Metaspace       used 20215K, capacity 21088K, committed 21248K, reserved 1067008K
  class space    used 2656K, capacity 2991K, committed 3072K, reserved 1048576K
}
Event: 5,120 GC heap before
{Heap before GC invocations=6 (full 0):
 garbage-first heap   total 40960K, used 29180K [0x0000000094200000, 0x0000000100000000)
  region size 1024K, 24 young (24576K), 5 survivors (5120K)
 Metaspace       used 22658K, capacity 23654K, committed 23936K, reserved 1069056K
  class space    used 2967K, capacity 3329K, committed 3456K, reserved 1048576K
}
Event: 5,140 GC heap after
{Heap after GC invocations=7 (full 0):
 garbage-first heap   total 40960K, used 11414K [0x0000000094200000, 0x0000000100000000)
  region size 1024K, 2 young (2048K), 2 survivors (2048K)
 Metaspace       used 22658K, capacity 23654K, committed 23936K, reserved 1069056K
  class space    used 2967K, capacity 3329K, committed 3456K, reserved 1048576K
}
Event: 23,672 GC heap before
{Heap before GC invocations=7 (full 0):
 garbage-first heap   total 40960K, used 26774K [0x0000000094200000, 0x0000000100000000)
  region size 1024K, 17 young (17408K), 2 survivors (2048K)
 Metaspace       used 23982K, capacity 25020K, committed 25088K, reserved 1071104K
  class space    used 3147K, capacity 3549K, committed 3584K, reserved 1048576K
}
Event: 23,682 GC heap after
{Heap after GC invocations=8 (full 0):
 garbage-first heap   total 40960K, used 11798K [0x0000000094200000, 0x0000000100000000)
  region size 1024K, 3 young (3072K), 3 survivors (3072K)
 Metaspace       used 23982K, capacity 25020K, committed 25088K, reserved 1071104K
  class space    used 3147K, capacity 3549K, committed 3584K, reserved 1048576K
}

