# JRE version: Java(TM) SE Runtime Environment (12.0.2+10) (build 12.0.2+10)
# Java VM: Java HotSpot(TM) 64-Bit Server VM (12.0.2+10, mixed mode, sharing, tiered, compressed oops, g1 gc, linux-amd64)
Heap:
 garbage-first heap   total 45056K, used 17702K [0x0000000094200000, 0x0000000100000000)
  region size 1024K, 8 young (8192K), 2 survivors (2048K)
 Metaspace       used 27243K, capacity 28331K, committed 28544K, reserved 1073152K
  class space    used 3481K, capacity 3863K, committed 3968K, reserved 1048576K
GC Heap History (10 events):
Event: 2,133 GC heap before
{Heap before GC invocations=2 (full 0):
 garbage-first heap   total 112640K, used 24190K [0x0000000094200000, 0x0000000100000000)
  region size 1024K, 21 young (21504K), 1 survivors (1024K)
 Metaspace       used 10743K, capacity 11253K, committed 11392K, reserved 1058816K
  class space    used 1355K, capacity 1553K, committed 1664K, reserved 1048576K
}
Event: 2,143 GC heap after
{Heap after GC invocations=3 (full 0):
 garbage-first heap   total 112640K, used 5822K [0x0000000094200000, 0x0000000100000000)
  region size 1024K, 2 young (2048K), 2 survivors (2048K)
 Metaspace       used 10743K, capacity 11253K, committed 11392K, reserved 1058816K
  class space    used 1355K, capacity 1553K, committed 1664K, reserved 1048576K
}
Event: 4,309 GC heap before
{Heap before GC invocations=3 (full 0):
 garbage-first heap   total 112640K, used 61118K [0x0000000094200000, 0x0000000100000000)
  region size 1024K, 56 young (57344K), 2 survivors (2048K)
 Metaspace       used 19270K, capacity 20210K, committed 20352K, reserved 1067008K
  class space    used 2556K, capacity 2891K, committed 2944K, reserved 1048576K
}
Event: 4,326 GC heap after
{Heap after GC invocations=4 (full 0):
 garbage-first heap   total 112640K, used 9353K [0x0000000094200000, 0x0000000100000000)
  region size 1024K, 5 young (5120K), 5 survivors (5120K)
 Metaspace       used 19270K, capacity 20210K, committed 20352K, reserved 1067008K
  class space    used 2556K, capacity 2891K, committed 2944K, reserved 1048576K
}
Event: 4,433 GC heap before
{Heap before GC invocations=4 (full 0):
 garbage-first heap   total 112640K, used 12425K [0x0000000094200000, 0x0000000100000000)
  region size 1024K, 9 young (9216K), 5 survivors (5120K)
 Metaspace       used 20135K, capacity 21080K, committed 21248K, reserved 1067008K
  class space    used 2635K, capacity 2989K, committed 3072K, reserved 1048576K
}
Event: 4,456 GC heap after
{Heap after GC invocations=5 (full 0):
 garbage-first heap   total 135168K, used 10075K [0x0000000094200000, 0x0000000100000000)
  region size 1024K, 5 young (5120K), 5 survivors (5120K)
 Metaspace       used 20135K, capacity 21080K, committed 21248K, reserved 1067008K
  class space    used 2635K, capacity 2989K, committed 3072K, reserved 1048576K
}
Event: 5,344 GC heap before
{Heap before GC invocations=6 (full 0):
 garbage-first heap   total 45056K, used 31579K [0x0000000094200000, 0x0000000100000000)
  region size 1024K, 26 young (26624K), 5 survivors (5120K)
 Metaspace       used 23043K, capacity 24086K, committed 24448K, reserved 1071104K
  class space    used 3007K, capacity 3389K, committed 3456K, reserved 1048576K
}
Event: 5,364 GC heap after
{Heap after GC invocations=7 (full 0):
 garbage-first heap   total 45056K, used 11499K [0x0000000094200000, 0x0000000100000000)
  region size 1024K, 3 young (3072K), 3 survivors (3072K)
 Metaspace       used 23043K, capacity 24086K, committed 24448K, reserved 1071104K
  class space    used 3007K, capacity 3389K, committed 3456K, reserved 1048576K
}
Event: 16,617 GC heap before
{Heap before GC invocations=7 (full 0):
 garbage-first heap   total 45056K, used 24811K [0x0000000094200000, 0x0000000100000000)
  region size 1024K, 17 young (17408K), 3 survivors (3072K)
 Metaspace       used 25081K, capacity 26153K, committed 26496K, reserved 1073152K
  class space    used 3251K, capacity 3650K, committed 3712K, reserved 1048576K
}
Event: 16,628 GC heap after
{Heap after GC invocations=8 (full 0):
 garbage-first heap   total 45056K, used 12582K [0x0000000094200000, 0x0000000100000000)
  region size 1024K, 2 young (2048K), 2 survivors (2048K)
 Metaspace       used 25081K, capacity 26153K, committed 26496K, reserved 1073152K
  class space    used 3251K, capacity 3650K, committed 3712K, reserved 1048576K
}

