# JRE version: Java(TM) SE Runtime Environment (12.0.2+10) (build 12.0.2+10)
# Java VM: Java HotSpot(TM) 64-Bit Server VM (12.0.2+10, mixed mode, sharing, tiered, compressed oops, g1 gc, linux-amd64)
Heap:
 garbage-first heap   total 54272K, used 15440K [0x0000000094200000, 0x0000000100000000)
  region size 1024K, 5 young (5120K), 1 survivors (1024K)
 Metaspace       used 27195K, capacity 28309K, committed 28544K, reserved 1073152K
  class space    used 3489K, capacity 3897K, committed 3968K, reserved 1048576K
GC Heap History (10 events):
Event: 5,628 GC heap before
{Heap before GC invocations=2 (full 0):
 garbage-first heap   total 112640K, used 25091K [0x0000000094200000, 0x0000000100000000)
  region size 1024K, 21 young (21504K), 1 survivors (1024K)
 Metaspace       used 10800K, capacity 11337K, committed 11648K, reserved 1058816K
  class space    used 1398K, capacity 1622K, committed 1664K, reserved 1048576K
}
Event: 5,634 GC heap after
{Heap after GC invocations=3 (full 0):
 garbage-first heap   total 112640K, used 6160K [0x0000000094200000, 0x0000000100000000)
  region size 1024K, 2 young (2048K), 2 survivors (2048K)
 Metaspace       used 10800K, capacity 11337K, committed 11648K, reserved 1058816K
  class space    used 1398K, capacity 1622K, committed 1664K, reserved 1048576K
}
Event: 8,557 GC heap before
{Heap before GC invocations=3 (full 0):
 garbage-first heap   total 112640K, used 60432K [0x0000000094200000, 0x0000000100000000)
  region size 1024K, 56 young (57344K), 2 survivors (2048K)
 Metaspace       used 19293K, capacity 20243K, committed 20352K, reserved 1067008K
  class space    used 2568K, capacity 2923K, committed 2944K, reserved 1048576K
}
Event: 8,571 GC heap after
{Heap after GC invocations=4 (full 0):
 garbage-first heap   total 112640K, used 9311K [0x0000000094200000, 0x0000000100000000)
  region size 1024K, 5 young (5120K), 5 survivors (5120K)
 Metaspace       used 19293K, capacity 20243K, committed 20352K, reserved 1067008K
  class space    used 2568K, capacity 2923K, committed 2944K, reserved 1048576K
}
Event: 8,813 GC heap before
{Heap before GC invocations=4 (full 0):
 garbage-first heap   total 112640K, used 14431K [0x0000000094200000, 0x0000000100000000)
  region size 1024K, 11 young (11264K), 5 survivors (5120K)
 Metaspace       used 20185K, capacity 21098K, committed 21248K, reserved 1067008K
  class space    used 2651K, capacity 2993K, committed 3072K, reserved 1048576K
}
Event: 8,836 GC heap after
{Heap after GC invocations=5 (full 0):
 garbage-first heap   total 112640K, used 9838K [0x0000000094200000, 0x0000000100000000)
  region size 1024K, 4 young (4096K), 4 survivors (4096K)
 Metaspace       used 20185K, capacity 21098K, committed 21248K, reserved 1067008K
  class space    used 2651K, capacity 2993K, committed 3072K, reserved 1048576K
}
Event: 9,985 GC heap before
{Heap before GC invocations=6 (full 0):
 garbage-first heap   total 45056K, used 32366K [0x0000000094200000, 0x0000000100000000)
  region size 1024K, 26 young (26624K), 4 survivors (4096K)
 Metaspace       used 23280K, capacity 24339K, committed 24448K, reserved 1071104K
  class space    used 3046K, capacity 3430K, committed 3456K, reserved 1048576K
}
Event: 10,002 GC heap after
{Heap after GC invocations=7 (full 0):
 garbage-first heap   total 45056K, used 11465K [0x0000000094200000, 0x0000000100000000)
  region size 1024K, 3 young (3072K), 3 survivors (3072K)
 Metaspace       used 23280K, capacity 24339K, committed 24448K, reserved 1071104K
  class space    used 3046K, capacity 3430K, committed 3456K, reserved 1048576K
}
Event: 24,325 GC heap before
{Heap before GC invocations=7 (full 0):
 garbage-first heap   total 45056K, used 24777K [0x0000000094200000, 0x0000000100000000)
  region size 1024K, 17 young (17408K), 3 survivors (3072K)
 Metaspace       used 25220K, capacity 26274K, committed 26496K, reserved 1073152K
  class space    used 3285K, capacity 3689K, committed 3712K, reserved 1048576K
}
Event: 24,345 GC heap after
{Heap after GC invocations=8 (full 0):
 garbage-first heap   total 54272K, used 12368K [0x0000000094200000, 0x0000000100000000)
  region size 1024K, 1 young (1024K), 1 survivors (1024K)
 Metaspace       used 25220K, capacity 26274K, committed 26496K, reserved 1073152K
  class space    used 3285K, capacity 3689K, committed 3712K, reserved 1048576K
}

